# looper run: 2026-04-12T00:44:35
# argv: @mm27 auto for play_all.py TUI: Add play/pause and speed controls

[2m[36mlooper auto-setup:[0m [2026-04-11T14:44:35Z] designing workflow for: for play_all.py TUI: Add play/pause and speed controls
  [2m[36mInvoking agent to analyze repo and propose a plan...[0m

[debug] ccc -y @mm27 'You are a workflow designer for the `looper` CLI tool.

You have access to the `looper` CLI. Here are the commands you c…'
warning: runner "opencode" may save this session; pass --save-session to allow this explicitly or --cleanup-session to try cleanup
[0m[33mWarning[0m[2m:[0m [1mThe 'NO_COLOR' env is ignored due to the 'FORCE_COLOR' env being set.[0m
[0m      [2mat [0memitWarning[2m ([0m[0m[36munknown[0m[2m:[0m[33m1[0m[2m:[33m1[0m[2m)[0m
[0m      [2mat [0mwarnOnDeactivatedColors[2m ([0m[0m[36minternal:tty[0m[2m:[0m[33m33[0m[2m:[33m24[0m[2m)[0m
[0m      [2mat [0mgetColorDepth[2m ([0m[0m[36minternal:tty[0m[2m:[0m[33m42[0m[2m:[33m39[0m[2m)[0m
[0m      [2mat [0mshouldColorize[2m ([0m[0m[36minternal:util/colors[0m[2m:[0m[33m14[0m[2m:[33m109[0m[2m)[0m
[0m      [2mat [0mrefresh[2m ([0m[0m[36minternal:util/colors[0m[2m:[0m[33m18[0m[2m:[33m31[0m[2m)[0m
[0m      [2mat [0minternal:util/colors[2m ([0m[0m[36minternal:util/colors[0m[2m:[0m[33m24[0m[2m:[33m16[0m[2m)[0m
[0m      [2mat [0manonymous[2m ([0m[0m[36munknown[0m[2m:[0m[33m1[0m[2m:[33m1[0m[2m)[0m
[0m      [2mat [0minternal:assert/assertion_error[2m ([0m[0m[36minternal:assert/assertion_error[0m[2m:[0m[33m2[0m[2m:[33m187[0m[2m)[0m
[0m      [2mat [0manonymous[2m ([0m[0m[36munknown[0m[2m:[0m[33m1[0m[2m:[33m1[0m[2m)[0m
[0m      [2mat [0mloadAssertionError[2m ([0m[0m[36mnode:assert[0m[2m:[0m[33m28[0m[2m:[33m96[0m[2m)[0m

[2m[37m│[0m [2m[37m[96m💬[0m Inspecting the repo structure and existing `play_all.py` behavior first so the workflow uses real files, commands, and constraints.[0m
[2m[37m│[0m [2m[37m[96m💬[0m The repo has no README, so I’m checking the adjacent scripts and references around `play_all.py` to ground the goal/prompt files in the actual code and available verification commands.[0m
[2m[37m│[0m [2m[37m[96m💬[0m I have enough repo context to draft a concrete loop: one goal-loop focused on `play_all.py`, followed by the mandatory review-fix loop, with verification centered on `--dry-run` and Python syntax checks because the script is self-contained and this repo has no dedicated Python test suite.[0m
[2m[37m│[0m [2m[37m[96m💬[0m Drafting the actual `.looper` plan now: a single focused `goal-loop` for `play_all.py`, with a strict goal/prompt and the required `review-fix-loop` gate immediately after it.[0m
[2m[37m│[0m [2m[37m[96m💬[0m Checking whether prior auto-setup runs left a partial plan in `.looper/` so I can avoid duplicating or conflicting with an existing workflow artifact.[0m
[2m[37m│[0m [2m[37m[96m💬[0m Verifying the generated JSON artifact was written correctly and contains the required script and file payload before I hand off.[0m
[2m[37m│[0m [2m[37m[96m💬[0m Wrote the plan to `.looper/auto-plan-output.json`.[0m
[2m[37m│[0m [2m[37m[96m💬[0m[0m
[2m[37m│[0m [2m[37m[96m💬[0m It uses one targeted `goal-loop` for `play_all.py` plus the required `review-fix-loop` gate, with goal/prompt files grounded in the actual repo structure and Python verification commands available here.[0m


[2m[36mlooper auto-setup:[0m
[96m💬[0m Inspecting the repo structure and existing [2m[36mplay_all.py[0m behavior first so the workflow uses real files, commands, and constraints.
[96m💬[0m The repo has no README, so I’m checking the adjacent scripts and references around [2m[36mplay_all.py[0m to ground the goal/prompt files in the actual code and available verification commands.
[96m💬[0m I have enough repo context to draft a concrete loop: one goal-loop focused on [2m[36mplay_all.py[0m, followed by the mandatory review-fix loop, with verification centered on [2m[36m--dry-run[0m and Python syntax checks because the script is self-contained and this repo has no dedicated Python test suite.
[96m💬[0m Drafting the actual [2m[36m.looper[0m plan now: a single focused [2m[36mgoal-loop[0m for [2m[36mplay_all.py[0m, with a strict goal/prompt and the required [2m[36mreview-fix-loop[0m gate immediately after it.
[96m💬[0m Checking whether prior auto-setup runs left a partial plan in [2m[36m.looper/[0m so I can avoid duplicating or conflicting with an existing workflow artifact.
[96m💬[0m Verifying the generated JSON artifact was written correctly and contains the required script and file payload before I hand off.
[96m💬[0m Wrote the plan to [2m[36m.looper/auto-plan-output.json[0m.
[96m💬[0m
[96m💬[0m It uses one targeted [2m[36mgoal-loop[0m for [2m[36mplay_all.py[0m plus the required [2m[36mreview-fix-loop[0m gate, with goal/prompt files grounded in the actual repo structure and Python verification commands available here.

[2m[36mlooper auto-setup:[0m [31merror:[0m could not extract a bash script from agent output
  Re-run 'looper auto-setup' to try again.
